#
# A fatal error has been detected by the Java Runtime Environment:
#
#  EXCEPTION_PRIV_INSTRUCTION (0xc0000096) at pc=0x00000000031959ad, pid=9676, tid=0x0000000000003588
#
# JRE version: Java(TM) SE Runtime Environment (8.0_221-b11) (build 1.8.0_221-b11)
# Java VM: Java HotSpot(TM) 64-Bit Server VM (25.221-b11 mixed mode windows-amd64 compressed oops)
# Problematic frame:
# j  javax.ws.rs.core.Response.noContent()Ljavax/ws/rs/core/Response$ResponseBuilder;+0
#
# Failed to write core dump. Minidumps are not enabled by default on client versions of Windows
#
# If you would like to submit a bug report, please visit:
#   http://bugreport.java.com/bugreport/crash.jsp
#

---------------  T H R E A D  ---------------

Current thread (0x0000000024ce6000):  JavaThread "http-nio-8004-exec-4" daemon [_thread_in_Java, id=13704, stack(0x0000000026b20000,0x0000000026c20000)]

siginfo: ExceptionCode=0xc0000096

Registers:
RAX=0x0000000000000000, RBX=0x00000000000000af, RCX=0x0000000000000000, RDX=0x0000000000000000
RSP=0x0000000026c1cc80, RBP=0x0000000026c1cd30, RSI=0x000000000ef35000, RDI=0x0000000000000014
R8 =0x0000000000000061, R9 =0x0000000002f818d0, R10=0x0000000000000061, R11=0x0000000026c1c450
R12=0x0000000000000000, R13=0x000000002626af59, R14=0x0000000026c1cd38, R15=0x0000000024ce6000
RIP=0x00000000031959ad, EFLAGS=0x0000000000010206

Top of Stack: (sp=0x0000000026c1cc80)
0x0000000026c1cc80:   0000000024ce6000 0000000026c1cd38
0x0000000026c1cc90:   00000000000000af 000000000ef35000
0x0000000026c1cca0:   00000000264a36d8 000000006733eef0
0x0000000026c1ccb0:   000000000000000b 000000000000000b
0x0000000026c1ccc0:   0000000000000014 000000000ef35000
0x0000000026c1ccd0:   0000000026c1cd30 0000000026c1cd00
0x0000000026c1cce0:   00000000000000af 0000000000000000
0x0000000026c1ccf0:   000000002626a468 0000000000000000
0x0000000026c1cd00:   0000000000000081 0000000000000000
0x0000000026c1cd10:   0000000000000000 000000002626af50
0x0000000026c1cd20:   0000000000000000 0000000026c1cd40
0x0000000026c1cd30:   0000000026c1cd80 00000000031980e0
0x0000000026c1cd40:   0000000026c1cd40 00000000263f6963
0x0000000026c1cd50:   0000000026c1cda0 00000000264c1e20
0x0000000026c1cd60:   0000000000000000 00000000263f69b8
0x0000000026c1cd70:   0000000026c1cd40 0000000026c1cd98 

Instructions: (pc=0x00000000031959ad)
0x000000000319598d:   48 b9 c0 df 12 67 00 00 00 00 48 ba 37 59 19 03
0x000000000319599d:   00 00 00 00 4c 8b c4 48 83 e4 f0 e8 63 13 c9 63
0x00000000031959ad:   f4 66 90 00 00 00 00 00 00 00 00 00 00 00 00 00
0x00000000031959bd:   00 00 00 80 20 00 00 00 00 00 00 a8 df 12 67 00 


Register to memory mapping:

RAX=0x0000000000000000 is an unknown value
RBX=0x00000000000000af is an unknown value
RCX=0x0000000000000000 is an unknown value
RDX=0x0000000000000000 is an unknown value
RSP=0x0000000026c1cc80 is pointing into the stack for thread: 0x0000000024ce6000
RBP=0x0000000026c1cd30 is pointing into the stack for thread: 0x0000000024ce6000
RSI=0x000000000ef35000 is an unknown value
RDI=0x0000000000000014 is an unknown value
R8 =0x0000000000000061 is an unknown value
R9 =0x0000000002f818d0 is an unknown value
R10=0x0000000000000061 is an unknown value
R11=0x0000000026c1c450 is pointing into the stack for thread: 0x0000000024ce6000
R12=0x0000000000000000 is an unknown value
R13=0x000000002626af59 is pointing into metadata
R14=0x0000000026c1cd38 is pointing into the stack for thread: 0x0000000024ce6000
R15=0x0000000024ce6000 is a thread


Stack: [0x0000000026b20000,0x0000000026c20000],  sp=0x0000000026c1cc80,  free space=1011k
Native frames: (J=compiled Java code, j=interpreted, Vv=VM code, C=native code)
C  0x00000000031959ad


---------------  P R O C E S S  ---------------

Java Threads: ( => current thread )
  0x0000000024cea800 JavaThread "RMI TCP Connection(872)-127.0.0.1" daemon [_thread_in_native, id=19372, stack(0x0000000027720000,0x0000000027820000)]
  0x0000000024ce9800 JavaThread "RMI TCP Connection(idle)" daemon [_thread_blocked, id=19896, stack(0x0000000020f80000,0x0000000021080000)]
  0x0000000024ce9000 JavaThread "RMI TCP Connection(idle)" daemon [_thread_blocked, id=11316, stack(0x0000000020980000,0x0000000020a80000)]
  0x0000000024ce1800 JavaThread "http-nio-8004-Acceptor" daemon [_thread_in_native, id=12796, stack(0x0000000027620000,0x0000000027720000)]
  0x0000000024ce6800 JavaThread "http-nio-8004-ClientPoller" daemon [_thread_in_native, id=1136, stack(0x0000000027520000,0x0000000027620000)]
  0x0000000024ce8000 JavaThread "http-nio-8004-exec-10" daemon [_thread_blocked, id=6432, stack(0x0000000027320000,0x0000000027420000)]
  0x0000000024ce3000 JavaThread "http-nio-8004-exec-9" daemon [_thread_blocked, id=14672, stack(0x0000000027220000,0x0000000027320000)]
  0x0000000024ce7800 JavaThread "http-nio-8004-exec-8" daemon [_thread_blocked, id=19712, stack(0x0000000027120000,0x0000000027220000)]
  0x0000000024ce0800 JavaThread "http-nio-8004-exec-7" daemon [_thread_blocked, id=17940, stack(0x0000000027020000,0x0000000027120000)]
  0x0000000024ce0000 JavaThread "http-nio-8004-exec-6" daemon [_thread_blocked, id=18224, stack(0x0000000026f20000,0x0000000027020000)]
  0x0000000024cdf000 JavaThread "http-nio-8004-exec-5" daemon [_thread_blocked, id=11164, stack(0x0000000026c20000,0x0000000026d20000)]
=>0x0000000024ce6000 JavaThread "http-nio-8004-exec-4" daemon [_thread_in_Java, id=13704, stack(0x0000000026b20000,0x0000000026c20000)]
  0x0000000024cde800 JavaThread "http-nio-8004-exec-3" daemon [_thread_blocked, id=13192, stack(0x0000000026a20000,0x0000000026b20000)]
  0x0000000024ce5000 JavaThread "http-nio-8004-exec-2" daemon [_thread_blocked, id=15212, stack(0x0000000026920000,0x0000000026a20000)]
  0x0000000024cdb800 JavaThread "http-nio-8004-exec-1" daemon [_thread_blocked, id=16880, stack(0x0000000026820000,0x0000000026920000)]
  0x0000000024cdd800 JavaThread "http-nio-8004-BlockPoller" daemon [_thread_in_native, id=19968, stack(0x0000000026720000,0x0000000026820000)]
  0x0000000024ce2000 JavaThread "File Watcher" daemon [_thread_blocked, id=9396, stack(0x0000000024250000,0x0000000024350000)]
  0x0000000021b7e000 JavaThread "HikariPool-9 housekeeper" daemon [_thread_blocked, id=9024, stack(0x0000000023a50000,0x0000000023b50000)]
  0x0000000021b7b800 JavaThread "container-0" [_thread_blocked, id=19268, stack(0x0000000023250000,0x0000000023350000)]
  0x0000000021b82800 JavaThread "Catalina-utility-2" [_thread_blocked, id=17040, stack(0x0000000023150000,0x0000000023250000)]
  0x0000000021b7c800 JavaThread "Catalina-utility-1" [_thread_blocked, id=17056, stack(0x0000000021080000,0x0000000021180000)]
  0x0000000021b81000 JavaThread "RMI TCP Connection(idle)" daemon [_thread_blocked, id=19208, stack(0x0000000020b80000,0x0000000020c80000)]
  0x0000000024ce3800 JavaThread "DestroyJavaVM" [_thread_blocked, id=9080, stack(0x0000000002f90000,0x0000000003090000)]
  0x0000000021b7f800 JavaThread "mysql-cj-abandoned-connection-cleanup" daemon [_thread_blocked, id=10780, stack(0x0000000023350000,0x0000000023450000)]
  0x000000001fef7800 JavaThread "JMX server connection timeout 18" daemon [_thread_blocked, id=14880, stack(0x0000000020c80000,0x0000000020d80000)]
  0x000000001fee9000 JavaThread "RMI Scheduler(0)" daemon [_thread_blocked, id=12580, stack(0x0000000020a80000,0x0000000020b80000)]
  0x000000001fcab800 JavaThread "RMI TCP Accept-0" daemon [_thread_in_native, id=6660, stack(0x0000000020410000,0x0000000020510000)]
  0x000000001fca7000 JavaThread "RMI TCP Accept-53098" daemon [_thread_in_native, id=11928, stack(0x0000000020310000,0x0000000020410000)]
  0x000000001fc9b800 JavaThread "RMI TCP Accept-0" daemon [_thread_in_native, id=4336, stack(0x0000000020210000,0x0000000020310000)]
  0x000000001ea74000 JavaThread "Service Thread" daemon [_thread_blocked, id=2436, stack(0x000000001f5d0000,0x000000001f6d0000)]
  0x000000001e9f0800 JavaThread "C1 CompilerThread3" daemon [_thread_blocked, id=13948, stack(0x000000001f4d0000,0x000000001f5d0000)]
  0x000000001e9ec000 JavaThread "C2 CompilerThread2" daemon [_thread_blocked, id=14356, stack(0x000000001f3d0000,0x000000001f4d0000)]
  0x000000001e9e5800 JavaThread "C2 CompilerThread1" daemon [_thread_blocked, id=9980, stack(0x000000001f2d0000,0x000000001f3d0000)]
  0x000000001e9e1800 JavaThread "C2 CompilerThread0" daemon [_thread_blocked, id=11712, stack(0x000000001f1d0000,0x000000001f2d0000)]
  0x000000001e9df000 JavaThread "Attach Listener" daemon [_thread_blocked, id=10436, stack(0x000000001f0d0000,0x000000001f1d0000)]
  0x000000001e9de000 JavaThread "Signal Dispatcher" daemon [_thread_blocked, id=3580, stack(0x000000001efd0000,0x000000001f0d0000)]
  0x000000001e9d0800 JavaThread "Finalizer" daemon [_thread_blocked, id=13064, stack(0x000000001edb0000,0x000000001eeb0000)]
  0x000000000318b000 JavaThread "Reference Handler" daemon [_thread_blocked, id=652, stack(0x000000001e8b0000,0x000000001e9b0000)]

Other Threads:
  0x000000001cab8800 VMThread [stack: 0x000000001e7b0000,0x000000001e8b0000] [id=14332]
  0x000000001fcb0800 WatcherThread [stack: 0x0000000020680000,0x0000000020780000] [id=14508]

VM state:not at safepoint (normal execution)

VM Mutex/Monitor currently owned by a thread: None

OutOfMemory and StackOverflow Exception counts:
StackOverflowErrors=4

heap address: 0x00000006c3600000, size: 4042 MB, Compressed Oops mode: Zero based, Oop shift amount: 3
Narrow klass base: 0x0000000000000000, Narrow klass shift: 3
Compressed class space size: 1073741824 Address: 0x00000007c0000000

Heap:
 PSYoungGen      total 161280K, used 113986K [0x000000076bd00000, 0x0000000777600000, 0x00000007c0000000)
  eden space 144384K, 74% used [0x000000076bd00000,0x000000077266f268,0x0000000774a00000)
  from space 16896K, 35% used [0x0000000774a00000,0x0000000774fe1988,0x0000000775a80000)
  to   space 16896K, 0% used [0x0000000776580000,0x0000000776580000,0x0000000777600000)
 ParOldGen       total 246272K, used 32627K [0x00000006c3600000, 0x00000006d2680000, 0x000000076bd00000)
  object space 246272K, 13% used [0x00000006c3600000,0x00000006c55dce90,0x00000006d2680000)
 Metaspace       used 64505K, capacity 69268K, committed 69592K, reserved 1110016K
  class space    used 8818K, capacity 9666K, committed 9688K, reserved 1048576K

Card table byte_map: [0x0000000012550000,0x0000000012d40000] byte_map_base: 0x000000000ef35000

Marking Bits: (ParMarkBitMap*) 0x0000000067355ce0
 Begin Bits: [0x0000000013a90000, 0x00000000179b8000)
 End Bits:   [0x00000000179b8000, 0x000000001b8e0000)

Polling page: 0x0000000001280000

CodeCache: size=245760Kb used=25923Kb max_used=25923Kb free=219836Kb
 bounds [0x0000000003190000, 0x0000000004af0000, 0x0000000012190000]
 total_blobs=14299 nmethods=13685 adapters=524
 compilation: enabled

Compilation events (10 events):
Event: 49349.664 Thread 0x000000001e9f0800 13815       1       org.hibernate.type.descriptor.java.JdbcDateTypeDescriptor::wrap (7 bytes)
Event: 49349.664 Thread 0x000000001e9f0800 nmethod 13815 0x0000000004ae1250 code [0x0000000004ae13a0, 0x0000000004ae14c8]
Event: 49349.668 Thread 0x000000001e9f0800 13816       1       org.hibernate.engine.internal.AbstractEntityEntry::getLockMode (11 bytes)
Event: 49349.668 Thread 0x000000001e9f0800 nmethod 13816 0x0000000004ae1550 code [0x0000000004ae16c0, 0x0000000004ae1870]
Event: 49349.670 Thread 0x000000001e9f0800 13817       1       sun.reflect.generics.parser.SignatureParser::parseTypeVariableSignature (93 bytes)
Event: 49349.671 Thread 0x000000001e9f0800 nmethod 13817 0x0000000004ae19d0 code [0x0000000004ae1bc0, 0x0000000004ae2038]
Event: 49349.672 Thread 0x000000001e9f0800 13818       1       sun.reflect.generics.tree.TypeVariableSignature::make (9 bytes)
Event: 49349.672 Thread 0x000000001e9f0800 nmethod 13818 0x0000000004ae2310 code [0x0000000004ae2460, 0x0000000004ae25b0]
Event: 49349.675 Thread 0x000000001e9f0800 13819       1       org.hibernate.boot.internal.SessionFactoryOptionsBuilder::isQueryCacheEnabled (5 bytes)
Event: 49349.675 Thread 0x000000001e9f0800 nmethod 13819 0x0000000004ae2610 code [0x0000000004ae2760, 0x0000000004ae2870]

GC Heap History (10 events):
Event: 49180.267 GC heap before
{Heap before GC invocations=110 (full 10):
 PSYoungGen      total 150016K, used 10422K [0x000000076bd00000, 0x0000000776100000, 0x00000007c0000000)
  eden space 133120K, 0% used [0x000000076bd00000,0x000000076bd00000,0x0000000773f00000)
  from space 16896K, 61% used [0x0000000775080000,0x0000000775aad8b0,0x0000000776100000)
  to   space 17408K, 0% used [0x0000000773f00000,0x0000000773f00000,0x0000000775000000)
 ParOldGen       total 246272K, used 31037K [0x00000006c3600000, 0x00000006d2680000, 0x000000076bd00000)
  object space 246272K, 12% used [0x00000006c3600000,0x00000006c544f678,0x00000006d2680000)
 Metaspace       used 63161K, capacity 67696K, committed 67928K, reserved 1107968K
  class space    used 8684K, capacity 9493K, committed 9560K, reserved 1048576K
Event: 49180.393 GC heap after
Heap after GC invocations=110 (full 10):
 PSYoungGen      total 150016K, used 0K [0x000000076bd00000, 0x0000000776100000, 0x00000007c0000000)
  eden space 133120K, 0% used [0x000000076bd00000,0x000000076bd00000,0x0000000773f00000)
  from space 16896K, 0% used [0x0000000775080000,0x0000000775080000,0x0000000776100000)
  to   space 17408K, 0% used [0x0000000773f00000,0x0000000773f00000,0x0000000775000000)
 ParOldGen       total 246272K, used 31723K [0x00000006c3600000, 0x00000006d2680000, 0x000000076bd00000)
  object space 246272K, 12% used [0x00000006c3600000,0x00000006c54facd8,0x00000006d2680000)
 Metaspace       used 63158K, capacity 67690K, committed 67928K, reserved 1107968K
  class space    used 8683K, capacity 9491K, committed 9560K, reserved 1048576K
}
Event: 49181.082 GC heap before
{Heap before GC invocations=111 (full 10):
 PSYoungGen      total 150016K, used 133120K [0x000000076bd00000, 0x0000000776100000, 0x00000007c0000000)
  eden space 133120K, 100% used [0x000000076bd00000,0x0000000773f00000,0x0000000773f00000)
  from space 16896K, 0% used [0x0000000775080000,0x0000000775080000,0x0000000776100000)
  to   space 17408K, 0% used [0x0000000773f00000,0x0000000773f00000,0x0000000775000000)
 ParOldGen       total 246272K, used 31723K [0x00000006c3600000, 0x00000006d2680000, 0x000000076bd00000)
  object space 246272K, 12% used [0x00000006c3600000,0x00000006c54facd8,0x00000006d2680000)
 Metaspace       used 63544K, capacity 68156K, committed 68184K, reserved 1107968K
  class space    used 8730K, capacity 9546K, committed 9560K, reserved 1048576K
Event: 49181.087 GC heap after
Heap after GC invocations=111 (full 10):
 PSYoungGen      total 150528K, used 5795K [0x000000076bd00000, 0x0000000776c00000, 0x00000007c0000000)
  eden space 133120K, 0% used [0x000000076bd00000,0x000000076bd00000,0x0000000773f00000)
  from space 17408K, 33% used [0x0000000773f00000,0x00000007744a8c48,0x0000000775000000)
  to   space 17408K, 0% used [0x0000000775b00000,0x0000000775b00000,0x0000000776c00000)
 ParOldGen       total 246272K, used 31731K [0x00000006c3600000, 0x00000006d2680000, 0x000000076bd00000)
  object space 246272K, 12% used [0x00000006c3600000,0x00000006c54fccd8,0x00000006d2680000)
 Metaspace       used 63544K, capacity 68156K, committed 68184K, reserved 1107968K
  class space    used 8730K, capacity 9546K, committed 9560K, reserved 1048576K
}
Event: 49303.231 GC heap before
{Heap before GC invocations=112 (full 10):
 PSYoungGen      total 150528K, used 138511K [0x000000076bd00000, 0x0000000776c00000, 0x00000007c0000000)
  eden space 133120K, 99% used [0x000000076bd00000,0x0000000773e9b1f8,0x0000000773f00000)
  from space 17408K, 33% used [0x0000000773f00000,0x00000007744a8c48,0x0000000775000000)
  to   space 17408K, 0% used [0x0000000775b00000,0x0000000775b00000,0x0000000776c00000)
 ParOldGen       total 246272K, used 31731K [0x00000006c3600000, 0x00000006d2680000, 0x000000076bd00000)
  object space 246272K, 12% used [0x00000006c3600000,0x00000006c54fccd8,0x00000006d2680000)
 Metaspace       used 63818K, capacity 68520K, committed 68824K, reserved 1107968K
  class space    used 8752K, capacity 9581K, committed 9688K, reserved 1048576K
Event: 49303.236 GC heap after
Heap after GC invocations=112 (full 10):
 PSYoungGen      total 160768K, used 10374K [0x000000076bd00000, 0x0000000776b00000, 0x00000007c0000000)
  eden space 144384K, 0% used [0x000000076bd00000,0x000000076bd00000,0x0000000774a00000)
  from space 16384K, 63% used [0x0000000775b00000,0x00000007765219e8,0x0000000776b00000)
  to   space 16896K, 0% used [0x0000000774a00000,0x0000000774a00000,0x0000000775a80000)
 ParOldGen       total 246272K, used 31739K [0x00000006c3600000, 0x00000006d2680000, 0x000000076bd00000)
  object space 246272K, 12% used [0x00000006c3600000,0x00000006c54fecd8,0x00000006d2680000)
 Metaspace       used 63818K, capacity 68520K, committed 68824K, reserved 1107968K
  class space    used 8752K, capacity 9581K, committed 9688K, reserved 1048576K
}
Event: 49303.236 GC heap before
{Heap before GC invocations=113 (full 11):
 PSYoungGen      total 160768K, used 10374K [0x000000076bd00000, 0x0000000776b00000, 0x00000007c0000000)
  eden space 144384K, 0% used [0x000000076bd00000,0x000000076bd00000,0x0000000774a00000)
  from space 16384K, 63% used [0x0000000775b00000,0x00000007765219e8,0x0000000776b00000)
  to   space 16896K, 0% used [0x0000000774a00000,0x0000000774a00000,0x0000000775a80000)
 ParOldGen       total 246272K, used 31739K [0x00000006c3600000, 0x00000006d2680000, 0x000000076bd00000)
  object space 246272K, 12% used [0x00000006c3600000,0x00000006c54fecd8,0x00000006d2680000)
 Metaspace       used 63818K, capacity 68520K, committed 68824K, reserved 1107968K
  class space    used 8752K, capacity 9581K, committed 9688K, reserved 1048576K
Event: 49303.396 GC heap after
Heap after GC invocations=113 (full 11):
 PSYoungGen      total 160768K, used 0K [0x000000076bd00000, 0x0000000776b00000, 0x00000007c0000000)
  eden space 144384K, 0% used [0x000000076bd00000,0x000000076bd00000,0x0000000774a00000)
  from space 16384K, 0% used [0x0000000775b00000,0x0000000775b00000,0x0000000776b00000)
  to   space 16896K, 0% used [0x0000000774a00000,0x0000000774a00000,0x0000000775a80000)
 ParOldGen       total 246272K, used 32619K [0x00000006c3600000, 0x00000006d2680000, 0x000000076bd00000)
  object space 246272K, 13% used [0x00000006c3600000,0x00000006c55dae90,0x00000006d2680000)
 Metaspace       used 63816K, capacity 68514K, committed 68824K, reserved 1107968K
  class space    used 8752K, capacity 9579K, committed 9688K, reserved 1048576K
}
Event: 49304.265 GC heap before
{Heap before GC invocations=114 (full 11):
 PSYoungGen      total 160768K, used 144384K [0x000000076bd00000, 0x0000000776b00000, 0x00000007c0000000)
  eden space 144384K, 100% used [0x000000076bd00000,0x0000000774a00000,0x0000000774a00000)
  from space 16384K, 0% used [0x0000000775b00000,0x0000000775b00000,0x0000000776b00000)
  to   space 16896K, 0% used [0x0000000774a00000,0x0000000774a00000,0x0000000775a80000)
 ParOldGen       total 246272K, used 32619K [0x00000006c3600000, 0x00000006d2680000, 0x000000076bd00000)
  object space 246272K, 13% used [0x00000006c3600000,0x00000006c55dae90,0x00000006d2680000)
 Metaspace       used 64273K, capacity 69058K, committed 69336K, reserved 1110016K
  class space    used 8800K, capacity 9663K, committed 9688K, reserved 1048576K
Event: 49304.270 GC heap after
Heap after GC invocations=114 (full 11):
 PSYoungGen      total 161280K, used 6022K [0x000000076bd00000, 0x0000000777600000, 0x00000007c0000000)
  eden space 144384K, 0% used [0x000000076bd00000,0x000000076bd00000,0x0000000774a00000)
  from space 16896K, 35% used [0x0000000774a00000,0x0000000774fe1988,0x0000000775a80000)
  to   space 16896K, 0% used [0x0000000776580000,0x0000000776580000,0x0000000777600000)
 ParOldGen       total 246272K, used 32627K [0x00000006c3600000, 0x00000006d2680000, 0x000000076bd00000)
  object space 246272K, 13% used [0x00000006c3600000,0x00000006c55dce90,0x00000006d2680000)
 Metaspace       used 64273K, capacity 69058K, committed 69336K, reserved 1110016K
  class space    used 8800K, capacity 9663K, committed 9688K, reserved 1048576K
}

Deoptimization events (0 events):
No events

Classes redefined (0 events):
No events

Internal exceptions (10 events):
Event: 49304.789 Thread 0x0000000021b81800 Exception <a 'java/lang/ArrayIndexOutOfBoundsException'> (0x0000000770d547d0) thrown at [C:\re\workspace\8-2-build-windows-amd64-cygwin\jdk8u221\13320\hotspot\src\share\vm\runtime\sharedRuntime.cpp, line 605]
Event: 49304.789 Thread 0x0000000021b81800 Exception <a 'java/lang/ArrayIndexOutOfBoundsException'> (0x0000000770d57938) thrown at [C:\re\workspace\8-2-build-windows-amd64-cygwin\jdk8u221\13320\hotspot\src\share\vm\runtime\sharedRuntime.cpp, line 605]
Event: 49304.789 Thread 0x0000000021b81800 Exception <a 'java/lang/ArrayIndexOutOfBoundsException'> (0x0000000770d5db78) thrown at [C:\re\workspace\8-2-build-windows-amd64-cygwin\jdk8u221\13320\hotspot\src\share\vm\runtime\sharedRuntime.cpp, line 605]
Event: 49304.789 Thread 0x0000000021b81800 Exception <a 'java/lang/ArrayIndexOutOfBoundsException'> (0x0000000770d60ed0) thrown at [C:\re\workspace\8-2-build-windows-amd64-cygwin\jdk8u221\13320\hotspot\src\share\vm\runtime\sharedRuntime.cpp, line 605]
Event: 49304.790 Thread 0x0000000021b81800 Exception <a 'java/lang/ArrayIndexOutOfBoundsException'> (0x0000000770d64110) thrown at [C:\re\workspace\8-2-build-windows-amd64-cygwin\jdk8u221\13320\hotspot\src\share\vm\runtime\sharedRuntime.cpp, line 605]
Event: 49304.790 Thread 0x0000000021b81800 Exception <a 'java/lang/ArrayIndexOutOfBoundsException'> (0x0000000770d68af0) thrown at [C:\re\workspace\8-2-build-windows-amd64-cygwin\jdk8u221\13320\hotspot\src\share\vm\runtime\sharedRuntime.cpp, line 605]
Event: 49304.845 Thread 0x0000000021b81800 Exception <a 'java/lang/ArrayIndexOutOfBoundsException'> (0x0000000771324d60) thrown at [C:\re\workspace\8-2-build-windows-amd64-cygwin\jdk8u221\13320\hotspot\src\share\vm\runtime\sharedRuntime.cpp, line 605]
Event: 49349.666 Thread 0x0000000024ce6000 Exception <a 'java/lang/ClassNotFoundException': java/lang/ObjectCustomizer> (0x000000077260cb28) thrown at [C:\re\workspace\8-2-build-windows-amd64-cygwin\jdk8u221\13320\hotspot\src\share\vm\classfile\systemDictionary.cpp, line 210]
Event: 49349.667 Thread 0x0000000024ce6000 Exception <a 'java/lang/ClassNotFoundException': com/cempresariales/servicio/commons/model/entity/ClienteCustomizer> (0x000000077262f950) thrown at [C:\re\workspace\8-2-build-windows-amd64-cygwin\jdk8u221\13320\hotspot\src\share\vm\classfile\systemDiction
Event: 49349.668 Thread 0x0000000024ce6000 Exception <a 'java/lang/ArrayIndexOutOfBoundsException'> (0x000000077265a110) thrown at [C:\re\workspace\8-2-build-windows-amd64-cygwin\jdk8u221\13320\hotspot\src\share\vm\runtime\sharedRuntime.cpp, line 605]

Events (10 events):
Event: 49349.666 loading class com/cempresariales/servicio/commons/model/entity/ClienteCustomizer
Event: 49349.666 loading class com/cempresariales/servicio/commons/model/entity/ClienteCustomizer done
Event: 49349.666 loading class com/cempresariales/servicio/commons/model/entity/ClienteCustomizer
Event: 49349.666 loading class com/cempresariales/servicio/commons/model/entity/ClienteCustomizer done
Event: 49349.667 loading class com/cempresariales/servicio/commons/model/entity/ClienteCustomizer
Event: 49349.667 loading class com/cempresariales/servicio/commons/model/entity/ClienteCustomizer done
Event: 49349.668 Executing VM operation: RevokeBias
Event: 49349.669 Executing VM operation: RevokeBias done
Event: 49349.669 Executing VM operation: RevokeBias
Event: 49349.670 Executing VM operation: RevokeBias done


Dynamic libraries:
0x00007ff61fd50000 - 0x00007ff61fd87000 	C:\Program Files\Java\jre1.8.0_221\bin\javaw.exe
0x00007ff9995e0000 - 0x00007ff9997d0000 	C:\WINDOWS\SYSTEM32\ntdll.dll
0x00007ff97ec20000 - 0x00007ff97ec33000 	C:\Program Files\Avast Software\Avast\aswhook.dll
0x00007ff998070000 - 0x00007ff998122000 	C:\WINDOWS\System32\KERNEL32.DLL
0x00007ff996690000 - 0x00007ff996934000 	C:\WINDOWS\System32\KERNELBASE.dll
0x00007ff998a40000 - 0x00007ff998ae3000 	C:\WINDOWS\System32\ADVAPI32.dll
0x00007ff9983a0000 - 0x00007ff99843e000 	C:\WINDOWS\System32\msvcrt.dll
0x00007ff998300000 - 0x00007ff998397000 	C:\WINDOWS\System32\sechost.dll
0x00007ff997690000 - 0x00007ff9977b0000 	C:\WINDOWS\System32\RPCRT4.dll
0x00007ff998440000 - 0x00007ff9985d4000 	C:\WINDOWS\System32\USER32.dll
0x00007ff996660000 - 0x00007ff996681000 	C:\WINDOWS\System32\win32u.dll
0x00007ff998a10000 - 0x00007ff998a36000 	C:\WINDOWS\System32\GDI32.dll
0x00007ff996940000 - 0x00007ff996ad4000 	C:\WINDOWS\System32\gdi32full.dll
0x00007ff996570000 - 0x00007ff99660e000 	C:\WINDOWS\System32\msvcp_win.dll
0x00007ff997260000 - 0x00007ff99735a000 	C:\WINDOWS\System32\ucrtbase.dll
0x00007ff978570000 - 0x00007ff9787f4000 	C:\WINDOWS\WinSxS\amd64_microsoft.windows.common-controls_6595b64144ccf1df_6.0.18362.836_none_e6c4b943130f18ed\COMCTL32.dll
0x00007ff998ba0000 - 0x00007ff998ed6000 	C:\WINDOWS\System32\combase.dll
0x00007ff9975e0000 - 0x00007ff997660000 	C:\WINDOWS\System32\bcryptPrimitives.dll
0x00007ff998f60000 - 0x00007ff998f8e000 	C:\WINDOWS\System32\IMM32.DLL
0x00000000673e0000 - 0x00000000674b2000 	C:\Program Files\Java\jre1.8.0_221\bin\msvcr100.dll
0x0000000066b30000 - 0x00000000673d5000 	C:\Program Files\Java\jre1.8.0_221\bin\server\jvm.dll
0x00007ff9982f0000 - 0x00007ff9982f8000 	C:\WINDOWS\System32\PSAPI.DLL
0x00007ff98aaf0000 - 0x00007ff98aaf9000 	C:\WINDOWS\SYSTEM32\WSOCK32.dll
0x00007ff998690000 - 0x00007ff9986ff000 	C:\WINDOWS\System32\WS2_32.dll
0x00007ff993970000 - 0x00007ff993994000 	C:\WINDOWS\SYSTEM32\WINMM.dll
0x00007ff990b50000 - 0x00007ff990b5a000 	C:\WINDOWS\SYSTEM32\VERSION.dll
0x00007ff9936e0000 - 0x00007ff99370d000 	C:\WINDOWS\SYSTEM32\WINMMBASE.dll
0x00007ff996610000 - 0x00007ff99665a000 	C:\WINDOWS\System32\cfgmgr32.dll
0x00007ff98fd10000 - 0x00007ff98fd1f000 	C:\Program Files\Java\jre1.8.0_221\bin\verify.dll
0x00007ff98da80000 - 0x00007ff98daa9000 	C:\Program Files\Java\jre1.8.0_221\bin\java.dll
0x00007ff989d60000 - 0x00007ff989d76000 	C:\Program Files\Java\jre1.8.0_221\bin\zip.dll
0x00007ff997980000 - 0x00007ff998064000 	C:\WINDOWS\System32\SHELL32.dll
0x00007ff9985e0000 - 0x00007ff998689000 	C:\WINDOWS\System32\shcore.dll
0x00007ff996ae0000 - 0x00007ff99725e000 	C:\WINDOWS\System32\windows.storage.dll
0x00007ff9964d0000 - 0x00007ff9964f3000 	C:\WINDOWS\System32\profapi.dll
0x00007ff996500000 - 0x00007ff99654a000 	C:\WINDOWS\System32\powrprof.dll
0x00007ff9964a0000 - 0x00007ff9964b0000 	C:\WINDOWS\System32\UMPDC.dll
0x00007ff998130000 - 0x00007ff998182000 	C:\WINDOWS\System32\shlwapi.dll
0x00007ff9964b0000 - 0x00007ff9964c1000 	C:\WINDOWS\System32\kernel.appcore.dll
0x00007ff9975c0000 - 0x00007ff9975d7000 	C:\WINDOWS\System32\cryptsp.dll
0x00007ff98fd00000 - 0x00007ff98fd0d000 	C:\Program Files\Java\jre1.8.0_221\bin\management.dll
0x00007ff986db0000 - 0x00007ff986dca000 	C:\Program Files\Java\jre1.8.0_221\bin\net.dll
0x00007ff980c00000 - 0x00007ff980dd6000 	C:\WINDOWS\SYSTEM32\urlmon.dll
0x00007ff980f00000 - 0x00007ff9811a6000 	C:\WINDOWS\SYSTEM32\iertutil.dll
0x00007ff995ee0000 - 0x00007ff995eec000 	C:\WINDOWS\SYSTEM32\CRYPTBASE.DLL
0x00007ff995d10000 - 0x00007ff995d77000 	C:\WINDOWS\system32\mswsock.dll
0x00007ff986d90000 - 0x00007ff986da2000 	C:\Program Files\Java\jre1.8.0_221\bin\nio.dll
0x00007ff982f00000 - 0x00007ff982f16000 	C:\WINDOWS\system32\napinsp.dll
0x00007ff97fc40000 - 0x00007ff97fc5a000 	C:\WINDOWS\system32\pnrpnsp.dll
0x00007ff97fc20000 - 0x00007ff97fc35000 	C:\WINDOWS\system32\wshbth.dll
0x00007ff992ef0000 - 0x00007ff992f0c000 	C:\WINDOWS\system32\NLAapi.dll
0x00007ff995a20000 - 0x00007ff995a5a000 	C:\WINDOWS\SYSTEM32\IPHLPAPI.DLL
0x00007ff995a60000 - 0x00007ff995b2b000 	C:\WINDOWS\SYSTEM32\DNSAPI.dll
0x00007ff998ee0000 - 0x00007ff998ee8000 	C:\WINDOWS\System32\NSI.dll
0x00007ff97fc10000 - 0x00007ff97fc1e000 	C:\WINDOWS\System32\winrnr.dll
0x00007ff98ab70000 - 0x00007ff98ab7a000 	C:\Windows\System32\rasadhlp.dll
0x00007ff98bc70000 - 0x00007ff98bce7000 	C:\WINDOWS\System32\fwpuclnt.dll
0x00007ff997660000 - 0x00007ff997686000 	C:\WINDOWS\System32\bcrypt.dll
0x00007ff995880000 - 0x00007ff9958b3000 	C:\WINDOWS\system32\rsaenh.dll
0x00007ff9963c0000 - 0x00007ff9963e5000 	C:\WINDOWS\SYSTEM32\USERENV.dll
0x00007ff98c1c0000 - 0x00007ff98c1d6000 	C:\WINDOWS\SYSTEM32\dhcpcsvc6.DLL
0x00007ff98c1a0000 - 0x00007ff98c1bc000 	C:\WINDOWS\SYSTEM32\dhcpcsvc.DLL
0x00007ff985400000 - 0x00007ff985424000 	C:\Program Files\Java\jre1.8.0_221\bin\sunec.dll
0x00007ff98d9c0000 - 0x00007ff98d9cb000 	C:\Program Files\Java\jre1.8.0_221\bin\sunmscapi.dll
0x00007ff997470000 - 0x00007ff9975b9000 	C:\WINDOWS\System32\CRYPT32.dll
0x00007ff996550000 - 0x00007ff996562000 	C:\WINDOWS\System32\MSASN1.dll
0x00007ff98fe60000 - 0x00007ff990054000 	C:\WINDOWS\SYSTEM32\dbghelp.dll

VM Arguments:
jvm_args: -Dcom.sun.management.jmxremote -Dcom.sun.management.jmxremote.port=53098 -Dcom.sun.management.jmxremote.authenticate=false -Dcom.sun.management.jmxremote.ssl=false -Djava.rmi.server.hostname=localhost -Dspring.jmx.enabled=true -Dspring.application.admin.enabled=true -Xverify:none -XX:TieredStopAtLevel=1 -Dspring.boot.project.name=ServicioClientes -Dfile.encoding=UTF-8 
java_command: com.cempresariales.servicio.clientes.ServicioClientesApplication --spring.output.ansi.enabled=always
java_class_path (initial): C:\TRABAJO\Repositorios\git.hub.personal\Servicios-Cemp\ServicioClientes\target\classes;C:\Users\ADM-DGIP\.m2\repository\org\springframework\boot\spring-boot-starter-data-jpa\2.2.4.RELEASE\spring-boot-starter-data-jpa-2.2.4.RELEASE.jar;C:\Users\ADM-DGIP\.m2\repository\org\springframework\boot\spring-boot-starter-aop\2.2.4.RELEASE\spring-boot-starter-aop-2.2.4.RELEASE.jar;C:\Users\ADM-DGIP\.m2\repository\org\springframework\spring-aop\5.2.3.RELEASE\spring-aop-5.2.3.RELEASE.jar;C:\Users\ADM-DGIP\.m2\repository\org\aspectj\aspectjweaver\1.9.5\aspectjweaver-1.9.5.jar;C:\Users\ADM-DGIP\.m2\repository\org\springframework\boot\spring-boot-starter-jdbc\2.2.4.RELEASE\spring-boot-starter-jdbc-2.2.4.RELEASE.jar;C:\Users\ADM-DGIP\.m2\repository\com\zaxxer\HikariCP\3.4.2\HikariCP-3.4.2.jar;C:\Users\ADM-DGIP\.m2\repository\org\springframework\spring-jdbc\5.2.3.RELEASE\spring-jdbc-5.2.3.RELEASE.jar;C:\Users\ADM-DGIP\.m2\repository\jakarta\activation\jakarta.activation-api\1.2.1\jakarta.activation-api-1.2.1.jar;C:\Users\ADM-DGIP\.m2\repository\jakarta\persistence\jakarta.persistence-api\2.2.3\jakarta.persistence-api-2.2.3.jar;C:\Users\ADM-DGIP\.m2\repository\jakarta\transaction\jakarta.transaction-api\1.3.3\jakarta.transaction-api-1.3.3.jar;C:\Users\ADM-DGIP\.m2\repository\org\hibernate\hibernate-core\5.4.10.Final\hibernate-core-5.4.10.Final.jar;C:\Users\ADM-DGIP\.m2\repository\org\jboss\logging\jboss-logging\3.4.1.Final\jboss-logging-3.4.1.Final.jar;C:\Users\ADM-DGIP\.m2\repository\org\javassist\javassist\3.24.0-GA\javassist-3.24.0-GA.jar;C:\Users\ADM-DGIP\.m2\repository\net\bytebuddy\byte-buddy\1.10.6\byte-buddy-1.10.6.jar;C:\Users\ADM-DGIP\.m2\repository\antlr\antlr\2.7.7\antlr-2.7.7.jar;C:\Users\ADM-DGIP\.m2\repository\org\jboss\jandex\2.1.1.Final\jandex-2.1.1.Final.jar;C:\Users\ADM-DGIP\.m2\repository\com\fasterxml\classmate\1.5.1\classmate-1.5.1.jar;C:\Users\ADM-DGIP\.m2\repository\org\dom4j\dom4j\2.1.1\dom4j-2.1.1.jar;C:\Users\ADM-DGIP\.m2\reposi
Launcher Type: SUN_STANDARD

Environment Variables:
JAVA_HOME=C:\Program Files\Java\jdk1.8.0_221
PATH=C:/Program Files/Java/jre1.8.0_221/bin/server;C:/Program Files/Java/jre1.8.0_221/bin;C:/Program Files/Java/jre1.8.0_221/lib/amd64;C:\Program Files (x86)\Common Files\Oracle\Java\javapath;C:\WINDOWS\system32;C:\WINDOWS;C:\WINDOWS\System32\Wbem;C:\WINDOWS\System32\WindowsPowerShell\v1.0\;C:\WINDOWS\System32\OpenSSH\;C:\Program Files\Git\cmd;C:\Program Files\nodejs\;C:\Program Files\PuTTY\;C:\Maven\apache-maven-3.6.3\bin;C:\Program Files\Java\jdk1.8.0_221\bin;C:\Program Files\MySQL\MySQL Shell 8.0\bin\;C:\Users\ADM-DGIP\AppData\Local\Microsoft\WindowsApps;C:\Program Files\heroku\bin;C:\Users\ADM-DGIP\AppData\Roaming\npm;C:\Users\ADM-DGIP\AppData\Local\Programs\Microsoft VS Code\bin;C:\Users\ADM-DGIP\AppData\Local\GitHubDesktop\bin;C:\TRABAJO\IDE's\sts-4.5.1.RELEASE;
USERNAME=ADM-DGIP
OS=Windows_NT
PROCESSOR_IDENTIFIER=Intel64 Family 6 Model 158 Stepping 13, GenuineIntel



---------------  S Y S T E M  ---------------

OS: Windows 10.0 , 64 bit Build 18362 (10.0.18362.778)

CPU:total 8 (initial active 8) (8 cores per cpu, 1 threads per core) family 6 model 158 stepping 13, cmov, cx8, fxsr, mmx, sse, sse2, sse3, ssse3, sse4.1, sse4.2, popcnt, avx, avx2, aes, clmul, erms, rtm, 3dnowpref, lzcnt, tsc, tscinvbit, bmi1, bmi2, adx

Memory: 4k page, physical 16553924k(2170096k free), swap 34379716k(7598632k free)

vm_info: Java HotSpot(TM) 64-Bit Server VM (25.221-b11) for windows-amd64 JRE (1.8.0_221-b11), built on Jul  4 2019 04:39:29 by "java_re" with MS VC++ 10.0 (VS2010)

time: Fri May 29 22:46:24 2020
timezone: Hora est. Pacífico, Sudamérica
elapsed time: 49349 seconds (0d 13h 42m 29s)

